\BOOKMARK [0][]{chapter.1}{Introduction}{}% 1
\BOOKMARK [1][]{section.1.1}{Overview of SBGN Process Descriptions}{chapter.1}% 2
\BOOKMARK [1][]{section.1.2}{SBGN levels and versions}{chapter.1}% 3
\BOOKMARK [1][]{section.1.3}{How to get more information}{chapter.1}% 4
\BOOKMARK [0][]{chapter.2}{Symbols used in SBGN Process Descriptions}{}% 5
\BOOKMARK [1][]{section.2.1}{Entity pool nodes}{chapter.2}% 6
\BOOKMARK [2][-]{subsection.2.1.1}{Glyph: Unspecified entity}{section.2.1}% 7
\BOOKMARK [2][-]{subsection.2.1.2}{Glyph: Macromolecule}{section.2.1}% 8
\BOOKMARK [2][-]{subsection.2.1.3}{Glyph: Simple chemical}{section.2.1}% 9
\BOOKMARK [2][-]{subsection.2.1.4}{Glyph: Nucleic acid feature}{section.2.1}% 10
\BOOKMARK [2][-]{subsection.2.1.5}{Glyph: Complex}{section.2.1}% 11
\BOOKMARK [2][-]{subsection.2.1.6}{Glyph: Source and Sink}{section.2.1}% 12
\BOOKMARK [2][-]{subsection.2.1.7}{Glyph: Perturbing agent}{section.2.1}% 13
\BOOKMARK [2][-]{subsection.2.1.8}{Glyph: Multimer}{section.2.1}% 14
\BOOKMARK [1][]{section.2.2}{Decorations of the entity pool nodes}{chapter.2}% 15
\BOOKMARK [2][-]{subsection.2.2.1}{Glyph: Unit of information}{section.2.2}% 16
\BOOKMARK [2][-]{subsection.2.2.2}{Glyph: State variable}{section.2.2}% 17
\BOOKMARK [2][-]{subsection.2.2.3}{Glyph: Clone marker}{section.2.2}% 18
\BOOKMARK [2][-]{subsection.2.2.4}{Controlled vocabularies used in SBGN Process Description Level 1}{section.2.2}% 19
\BOOKMARK [1][]{section.2.3}{Process nodes}{chapter.2}% 20
\BOOKMARK [2][-]{subsection.2.3.1}{Glyph: Process}{section.2.3}% 21
\BOOKMARK [2][-]{subsection.2.3.2}{Glyph: Omitted process}{section.2.3}% 22
\BOOKMARK [2][-]{subsection.2.3.3}{Glyph: Uncertain process}{section.2.3}% 23
\BOOKMARK [2][-]{subsection.2.3.4}{Glyph: Association}{section.2.3}% 24
\BOOKMARK [2][-]{subsection.2.3.5}{Glyph: Dissociation}{section.2.3}% 25
\BOOKMARK [2][-]{subsection.2.3.6}{Glyph: Phenotype}{section.2.3}% 26
\BOOKMARK [1][]{section.2.4}{Arcs}{chapter.2}% 27
\BOOKMARK [2][-]{subsection.2.4.1}{Glyph: Consumption}{section.2.4}% 28
\BOOKMARK [2][-]{subsection.2.4.2}{Glyph: Production}{section.2.4}% 29
\BOOKMARK [2][-]{subsection.2.4.3}{Glyph: Modulation}{section.2.4}% 30
\BOOKMARK [2][-]{subsection.2.4.4}{Glyph: Stimulation}{section.2.4}% 31
\BOOKMARK [2][-]{subsection.2.4.5}{Glyph: Catalysis}{section.2.4}% 32
\BOOKMARK [2][-]{subsection.2.4.6}{Glyph: Inhibition}{section.2.4}% 33
\BOOKMARK [2][-]{subsection.2.4.7}{Glyph: Necessary stimulation}{section.2.4}% 34
\BOOKMARK [2][-]{subsection.2.4.8}{Glyph: Logic arc }{section.2.4}% 35
\BOOKMARK [2][-]{subsection.2.4.9}{Glyph: Equivalence arc }{section.2.4}% 36
\BOOKMARK [1][]{section.2.5}{Logical operators}{chapter.2}% 37
\BOOKMARK [2][-]{subsection.2.5.1}{Glyph: And}{section.2.5}% 38
\BOOKMARK [2][-]{subsection.2.5.2}{Glyph: Or}{section.2.5}% 39
\BOOKMARK [2][-]{subsection.2.5.3}{Glyph: Not}{section.2.5}% 40
\BOOKMARK [1][]{section.2.6}{Glyph: Compartment}{chapter.2}% 41
\BOOKMARK [2][-]{subsection.2.6.1}{Glyph: Submap}{section.2.6}% 42
\BOOKMARK [0][]{chapter.3}{Building a SBGN Process Description map}{}% 43
\BOOKMARK [1][]{section.3.1}{How to choose the symbols to use?}{chapter.3}% 44
